<?xml version="1.0" encoding="UTF-8"?>
<!-- Generated by org.testng.reporters.JUnitXMLReporter -->
<testsuite ignored="0" hostname="DESKTOP-HPNOI30" failures="0" tests="3" name="Test" time="57.033" errors="0" timestamp="2025-07-07T18:21:55 IST">
  <testcase classname="com.tmb.tests.OrangeHRMTests" name="newTest" time="9.238"/>
  <testcase classname="com.tmb.tests.OrangeHRMTests" name="newTest" time="5.368"/>
  <testcase classname="com.tmb.tests.OrangeHRMTests" name="loginLogoutTest" time="5.531"/>
</testsuite> <!-- Test -->
